<?xml version="1.0" encoding="UTF-8"?>
<testsuite xmlns:xsi="http://www.w3.org/2001/XMLSchema-instance" xsi:noNamespaceSchemaLocation="https://maven.apache.org/surefire/maven-surefire-plugin/xsd/surefire-test-report.xsd" name="ecommerce.apigateway.ApiGatewayApplicationTests" time="14.039" tests="1" errors="0" skipped="0" failures="0">
  <properties>
    <property name="sun.desktop" value="windows"/>
    <property name="awt.toolkit" value="sun.awt.windows.WToolkit"/>
    <property name="java.specification.version" value="11"/>
    <property name="sun.cpu.isalist" value="amd64"/>
    <property name="sun.jnu.encoding" value="Cp1252"/>
    <property name="java.class.path" value="C:\Users\mariahi\Desktop\candidate-microservice-init\api-gateway\target\test-classes;C:\Users\mariahi\Desktop\candidate-microservice-init\api-gateway\target\classes;C:\Repo\maven-3.8\.m2\org\springframework\cloud\spring-cloud-starter-gateway\3.0.0\spring-cloud-starter-gateway-3.0.0.jar;C:\Repo\maven-3.8\.m2\org\springframework\cloud\spring-cloud-starter\3.0.0\spring-cloud-starter-3.0.0.jar;C:\Repo\maven-3.8\.m2\org\springframework\cloud\spring-cloud-context\3.0.0\spring-cloud-context-3.0.0.jar;C:\Repo\maven-3.8\.m2\org\springframework\security\spring-security-crypto\5.4.2\spring-security-crypto-5.4.2.jar;C:\Repo\maven-3.8\.m2\org\springframework\cloud\spring-cloud-commons\3.0.0\spring-cloud-commons-3.0.0.jar;C:\Repo\maven-3.8\.m2\org\springframework\security\spring-security-rsa\1.0.9.RELEASE\spring-security-rsa-1.0.9.RELEASE.jar;C:\Repo\maven-3.8\.m2\org\bouncycastle\bcpkix-jdk15on\1.64\bcpkix-jdk15on-1.64.jar;C:\Repo\maven-3.8\.m2\org\bouncycastle\bcprov-jdk15on\1.64\bcprov-jdk15on-1.64.jar;C:\Repo\maven-3.8\.m2\org\springframework\cloud\spring-cloud-gateway-server\3.0.0\spring-cloud-gateway-server-3.0.0.jar;C:\Repo\maven-3.8\.m2\org\springframework\boot\spring-boot-starter-validation\2.4.2\spring-boot-starter-validation-2.4.2.jar;C:\Repo\maven-3.8\.m2\org\glassfish\jakarta.el\3.0.3\jakarta.el-3.0.3.jar;C:\Repo\maven-3.8\.m2\org\hibernate\validator\hibernate-validator\6.1.7.Final\hibernate-validator-6.1.7.Final.jar;C:\Repo\maven-3.8\.m2\jakarta\validation\jakarta.validation-api\2.0.2\jakarta.validation-api-2.0.2.jar;C:\Repo\maven-3.8\.m2\org\jboss\logging\jboss-logging\3.4.1.Final\jboss-logging-3.4.1.Final.jar;C:\Repo\maven-3.8\.m2\com\fasterxml\classmate\1.5.1\classmate-1.5.1.jar;C:\Repo\maven-3.8\.m2\io\projectreactor\addons\reactor-extra\3.4.2\reactor-extra-3.4.2.jar;C:\Repo\maven-3.8\.m2\io\projectreactor\reactor-core\3.4.2\reactor-core-3.4.2.jar;C:\Repo\maven-3.8\.m2\org\reactivestreams\reactive-streams\1.0.3\reactive-streams-1.0.3.jar;C:\Repo\maven-3.8\.m2\org\springframework\boot\spring-boot-starter-webflux\2.4.2\spring-boot-starter-webflux-2.4.2.jar;C:\Repo\maven-3.8\.m2\org\springframework\boot\spring-boot-starter-json\2.4.2\spring-boot-starter-json-2.4.2.jar;C:\Repo\maven-3.8\.m2\com\fasterxml\jackson\datatype\jackson-datatype-jdk8\2.11.4\jackson-datatype-jdk8-2.11.4.jar;C:\Repo\maven-3.8\.m2\com\fasterxml\jackson\datatype\jackson-datatype-jsr310\2.11.4\jackson-datatype-jsr310-2.11.4.jar;C:\Repo\maven-3.8\.m2\com\fasterxml\jackson\module\jackson-module-parameter-names\2.11.4\jackson-module-parameter-names-2.11.4.jar;C:\Repo\maven-3.8\.m2\org\springframework\boot\spring-boot-starter-reactor-netty\2.4.2\spring-boot-starter-reactor-netty-2.4.2.jar;C:\Repo\maven-3.8\.m2\io\projectreactor\netty\reactor-netty-http\1.0.3\reactor-netty-http-1.0.3.jar;C:\Repo\maven-3.8\.m2\io\netty\netty-codec-http\4.1.58.Final\netty-codec-http-4.1.58.Final.jar;C:\Repo\maven-3.8\.m2\io\netty\netty-common\4.1.58.Final\netty-common-4.1.58.Final.jar;C:\Repo\maven-3.8\.m2\io\netty\netty-buffer\4.1.58.Final\netty-buffer-4.1.58.Final.jar;C:\Repo\maven-3.8\.m2\io\netty\netty-transport\4.1.58.Final\netty-transport-4.1.58.Final.jar;C:\Repo\maven-3.8\.m2\io\netty\netty-codec\4.1.58.Final\netty-codec-4.1.58.Final.jar;C:\Repo\maven-3.8\.m2\io\netty\netty-handler\4.1.58.Final\netty-handler-4.1.58.Final.jar;C:\Repo\maven-3.8\.m2\io\netty\netty-codec-http2\4.1.58.Final\netty-codec-http2-4.1.58.Final.jar;C:\Repo\maven-3.8\.m2\io\netty\netty-resolver-dns\4.1.58.Final\netty-resolver-dns-4.1.58.Final.jar;C:\Repo\maven-3.8\.m2\io\netty\netty-resolver\4.1.58.Final\netty-resolver-4.1.58.Final.jar;C:\Repo\maven-3.8\.m2\io\netty\netty-codec-dns\4.1.58.Final\netty-codec-dns-4.1.58.Final.jar;C:\Repo\maven-3.8\.m2\io\netty\netty-resolver-dns-native-macos\4.1.58.Final\netty-resolver-dns-native-macos-4.1.58.Final-osx-x86_64.jar;C:\Repo\maven-3.8\.m2\io\netty\netty-transport-native-unix-common\4.1.58.Final\netty-transport-native-unix-common-4.1.58.Final.jar;C:\Repo\maven-3.8\.m2\io\netty\netty-transport-native-epoll\4.1.58.Final\netty-transport-native-epoll-4.1.58.Final-linux-x86_64.jar;C:\Repo\maven-3.8\.m2\io\projectreactor\netty\reactor-netty-core\1.0.3\reactor-netty-core-1.0.3.jar;C:\Repo\maven-3.8\.m2\io\netty\netty-handler-proxy\4.1.58.Final\netty-handler-proxy-4.1.58.Final.jar;C:\Repo\maven-3.8\.m2\io\netty\netty-codec-socks\4.1.58.Final\netty-codec-socks-4.1.58.Final.jar;C:\Repo\maven-3.8\.m2\org\springframework\spring-web\5.3.3\spring-web-5.3.3.jar;C:\Repo\maven-3.8\.m2\org\springframework\spring-beans\5.3.3\spring-beans-5.3.3.jar;C:\Repo\maven-3.8\.m2\org\springframework\spring-webflux\5.3.3\spring-webflux-5.3.3.jar;C:\Repo\maven-3.8\.m2\org\springframework\cloud\spring-cloud-starter-netflix-eureka-client\3.0.1\spring-cloud-starter-netflix-eureka-client-3.0.1.jar;C:\Repo\maven-3.8\.m2\org\springframework\cloud\spring-cloud-netflix-eureka-client\3.0.0\spring-cloud-netflix-eureka-client-3.0.0.jar;C:\Repo\maven-3.8\.m2\com\netflix\eureka\eureka-client\1.10.10\eureka-client-1.10.10.jar;C:\Repo\maven-3.8\.m2\com\netflix\netflix-commons\netflix-eventbus\0.3.0\netflix-eventbus-0.3.0.jar;C:\Repo\maven-3.8\.m2\com\netflix\netflix-commons\netflix-infix\0.3.0\netflix-infix-0.3.0.jar;C:\Repo\maven-3.8\.m2\commons-jxpath\commons-jxpath\1.3\commons-jxpath-1.3.jar;C:\Repo\maven-3.8\.m2\joda-time\joda-time\2.3\joda-time-2.3.jar;C:\Repo\maven-3.8\.m2\org\antlr\antlr-runtime\3.4\antlr-runtime-3.4.jar;C:\Repo\maven-3.8\.m2\org\antlr\stringtemplate\3.2.1\stringtemplate-3.2.1.jar;C:\Repo\maven-3.8\.m2\antlr\antlr\2.7.7\antlr-2.7.7.jar;C:\Repo\maven-3.8\.m2\com\google\code\gson\gson\2.8.6\gson-2.8.6.jar;C:\Repo\maven-3.8\.m2\org\apache\commons\commons-math\2.2\commons-math-2.2.jar;C:\Repo\maven-3.8\.m2\com\thoughtworks\xstream\xstream\1.4.13\xstream-1.4.13.jar;C:\Repo\maven-3.8\.m2\xmlpull\xmlpull\1.1.3.1\xmlpull-1.1.3.1.jar;C:\Repo\maven-3.8\.m2\xpp3\xpp3_min\1.1.4c\xpp3_min-1.1.4c.jar;C:\Repo\maven-3.8\.m2\javax\ws\rs\jsr311-api\1.1.1\jsr311-api-1.1.1.jar;C:\Repo\maven-3.8\.m2\com\netflix\servo\servo-core\0.12.21\servo-core-0.12.21.jar;C:\Repo\maven-3.8\.m2\com\google\guava\guava\19.0\guava-19.0.jar;C:\Repo\maven-3.8\.m2\org\apache\httpcomponents\httpclient\4.5.13\httpclient-4.5.13.jar;C:\Repo\maven-3.8\.m2\org\apache\httpcomponents\httpcore\4.4.14\httpcore-4.4.14.jar;C:\Repo\maven-3.8\.m2\commons-codec\commons-codec\1.15\commons-codec-1.15.jar;C:\Repo\maven-3.8\.m2\commons-configuration\commons-configuration\1.10\commons-configuration-1.10.jar;C:\Repo\maven-3.8\.m2\commons-lang\commons-lang\2.6\commons-lang-2.6.jar;C:\Repo\maven-3.8\.m2\com\google\inject\guice\4.1.0\guice-4.1.0.jar;C:\Repo\maven-3.8\.m2\javax\inject\javax.inject\1\javax.inject-1.jar;C:\Repo\maven-3.8\.m2\aopalliance\aopalliance\1.0\aopalliance-1.0.jar;C:\Repo\maven-3.8\.m2\com\fasterxml\jackson\core\jackson-annotations\2.11.4\jackson-annotations-2.11.4.jar;C:\Repo\maven-3.8\.m2\com\fasterxml\jackson\core\jackson-core\2.11.4\jackson-core-2.11.4.jar;C:\Repo\maven-3.8\.m2\com\fasterxml\jackson\core\jackson-databind\2.11.4\jackson-databind-2.11.4.jar;C:\Repo\maven-3.8\.m2\org\codehaus\jettison\jettison\1.4.0\jettison-1.4.0.jar;C:\Repo\maven-3.8\.m2\com\netflix\eureka\eureka-core\1.10.10\eureka-core-1.10.10.jar;C:\Repo\maven-3.8\.m2\com\fasterxml\woodstox\woodstox-core\5.3.0\woodstox-core-5.3.0.jar;C:\Repo\maven-3.8\.m2\org\codehaus\woodstox\stax2-api\4.2\stax2-api-4.2.jar;C:\Repo\maven-3.8\.m2\org\springframework\cloud\spring-cloud-starter-loadbalancer\3.0.0\spring-cloud-starter-loadbalancer-3.0.0.jar;C:\Repo\maven-3.8\.m2\org\springframework\cloud\spring-cloud-loadbalancer\3.0.0\spring-cloud-loadbalancer-3.0.0.jar;C:\Repo\maven-3.8\.m2\org\springframework\boot\spring-boot-starter-cache\2.4.2\spring-boot-starter-cache-2.4.2.jar;C:\Repo\maven-3.8\.m2\org\springframework\spring-context-support\5.3.3\spring-context-support-5.3.3.jar;C:\Repo\maven-3.8\.m2\com\stoyanr\evictor\1.0.0\evictor-1.0.0.jar;C:\Repo\maven-3.8\.m2\org\springframework\boot\spring-boot-starter-test\2.4.2\spring-boot-starter-test-2.4.2.jar;C:\Repo\maven-3.8\.m2\org\springframework\boot\spring-boot-starter\2.4.2\spring-boot-starter-2.4.2.jar;C:\Repo\maven-3.8\.m2\org\springframework\boot\spring-boot\2.4.2\spring-boot-2.4.2.jar;C:\Repo\maven-3.8\.m2\org\springframework\spring-context\5.3.3\spring-context-5.3.3.jar;C:\Repo\maven-3.8\.m2\org\springframework\spring-aop\5.3.3\spring-aop-5.3.3.jar;C:\Repo\maven-3.8\.m2\org\springframework\spring-expression\5.3.3\spring-expression-5.3.3.jar;C:\Repo\maven-3.8\.m2\org\springframework\boot\spring-boot-autoconfigure\2.4.2\spring-boot-autoconfigure-2.4.2.jar;C:\Repo\maven-3.8\.m2\org\springframework\boot\spring-boot-starter-logging\2.4.2\spring-boot-starter-logging-2.4.2.jar;C:\Repo\maven-3.8\.m2\ch\qos\logback\logback-classic\1.2.3\logback-classic-1.2.3.jar;C:\Repo\maven-3.8\.m2\ch\qos\logback\logback-core\1.2.3\logback-core-1.2.3.jar;C:\Repo\maven-3.8\.m2\org\apache\logging\log4j\log4j-to-slf4j\2.13.3\log4j-to-slf4j-2.13.3.jar;C:\Repo\maven-3.8\.m2\org\apache\logging\log4j\log4j-api\2.13.3\log4j-api-2.13.3.jar;C:\Repo\maven-3.8\.m2\org\slf4j\jul-to-slf4j\1.7.30\jul-to-slf4j-1.7.30.jar;C:\Repo\maven-3.8\.m2\jakarta\annotation\jakarta.annotation-api\1.3.5\jakarta.annotation-api-1.3.5.jar;C:\Repo\maven-3.8\.m2\org\yaml\snakeyaml\1.27\snakeyaml-1.27.jar;C:\Repo\maven-3.8\.m2\org\springframework\boot\spring-boot-test\2.4.2\spring-boot-test-2.4.2.jar;C:\Repo\maven-3.8\.m2\org\springframework\boot\spring-boot-test-autoconfigure\2.4.2\spring-boot-test-autoconfigure-2.4.2.jar;C:\Repo\maven-3.8\.m2\com\jayway\jsonpath\json-path\2.4.0\json-path-2.4.0.jar;C:\Repo\maven-3.8\.m2\net\minidev\json-smart\2.3\json-smart-2.3.jar;C:\Repo\maven-3.8\.m2\net\minidev\accessors-smart\1.2\accessors-smart-1.2.jar;C:\Repo\maven-3.8\.m2\org\ow2\asm\asm\5.0.4\asm-5.0.4.jar;C:\Repo\maven-3.8\.m2\org\slf4j\slf4j-api\1.7.30\slf4j-api-1.7.30.jar;C:\Repo\maven-3.8\.m2\jakarta\xml\bind\jakarta.xml.bind-api\2.3.3\jakarta.xml.bind-api-2.3.3.jar;C:\Repo\maven-3.8\.m2\jakarta\activation\jakarta.activation-api\1.2.2\jakarta.activation-api-1.2.2.jar;C:\Repo\maven-3.8\.m2\org\assertj\assertj-core\3.18.1\assertj-core-3.18.1.jar;C:\Repo\maven-3.8\.m2\org\hamcrest\hamcrest\2.2\hamcrest-2.2.jar;C:\Repo\maven-3.8\.m2\org\junit\jupiter\junit-jupiter\5.7.0\junit-jupiter-5.7.0.jar;C:\Repo\maven-3.8\.m2\org\junit\jupiter\junit-jupiter-api\5.7.0\junit-jupiter-api-5.7.0.jar;C:\Repo\maven-3.8\.m2\org\apiguardian\apiguardian-api\1.1.0\apiguardian-api-1.1.0.jar;C:\Repo\maven-3.8\.m2\org\opentest4j\opentest4j\1.2.0\opentest4j-1.2.0.jar;C:\Repo\maven-3.8\.m2\org\junit\platform\junit-platform-commons\1.7.0\junit-platform-commons-1.7.0.jar;C:\Repo\maven-3.8\.m2\org\junit\jupiter\junit-jupiter-params\5.7.0\junit-jupiter-params-5.7.0.jar;C:\Repo\maven-3.8\.m2\org\junit\jupiter\junit-jupiter-engine\5.7.0\junit-jupiter-engine-5.7.0.jar;C:\Repo\maven-3.8\.m2\org\junit\platform\junit-platform-engine\1.7.0\junit-platform-engine-1.7.0.jar;C:\Repo\maven-3.8\.m2\org\mockito\mockito-core\3.6.28\mockito-core-3.6.28.jar;C:\Repo\maven-3.8\.m2\net\bytebuddy\byte-buddy\1.10.19\byte-buddy-1.10.19.jar;C:\Repo\maven-3.8\.m2\net\bytebuddy\byte-buddy-agent\1.10.19\byte-buddy-agent-1.10.19.jar;C:\Repo\maven-3.8\.m2\org\objenesis\objenesis\3.1\objenesis-3.1.jar;C:\Repo\maven-3.8\.m2\org\mockito\mockito-junit-jupiter\3.6.28\mockito-junit-jupiter-3.6.28.jar;C:\Repo\maven-3.8\.m2\org\skyscreamer\jsonassert\1.5.0\jsonassert-1.5.0.jar;C:\Repo\maven-3.8\.m2\com\vaadin\external\google\android-json\0.0.20131108.vaadin1\android-json-0.0.20131108.vaadin1.jar;C:\Repo\maven-3.8\.m2\org\springframework\spring-core\5.3.3\spring-core-5.3.3.jar;C:\Repo\maven-3.8\.m2\org\springframework\spring-jcl\5.3.3\spring-jcl-5.3.3.jar;C:\Repo\maven-3.8\.m2\org\springframework\spring-test\5.3.3\spring-test-5.3.3.jar;C:\Repo\maven-3.8\.m2\org\xmlunit\xmlunit-core\2.7.0\xmlunit-core-2.7.0.jar;"/>
    <property name="java.vm.vendor" value="Oracle Corporation"/>
    <property name="sun.arch.data.model" value="64"/>
    <property name="user.variant" value=""/>
    <property name="java.vendor.url" value="https://openjdk.java.net/"/>
    <property name="user.timezone" value="Africa/Luanda"/>
    <property name="java.vm.specification.version" value="11"/>
    <property name="os.name" value="Windows 10"/>
    <property name="sun.java.launcher" value="SUN_STANDARD"/>
    <property name="user.country" value="US"/>
    <property name="sun.boot.library.path" value="C:\Program Files\Java\jdk-11.0.7\bin"/>
    <property name="sun.java.command" value="C:\Users\mariahi\AppData\Local\Temp\surefire13704938523068338451\surefirebooter12140289736287532696.jar C:\Users\mariahi\AppData\Local\Temp\surefire13704938523068338451 2022-06-02T10-08-18_979-jvmRun1 surefire3789699573836634557tmp surefire_02118620595188966053tmp"/>
    <property name="jdk.debug" value="release"/>
    <property name="surefire.test.class.path" value="C:\Users\mariahi\Desktop\candidate-microservice-init\api-gateway\target\test-classes;C:\Users\mariahi\Desktop\candidate-microservice-init\api-gateway\target\classes;C:\Repo\maven-3.8\.m2\org\springframework\cloud\spring-cloud-starter-gateway\3.0.0\spring-cloud-starter-gateway-3.0.0.jar;C:\Repo\maven-3.8\.m2\org\springframework\cloud\spring-cloud-starter\3.0.0\spring-cloud-starter-3.0.0.jar;C:\Repo\maven-3.8\.m2\org\springframework\cloud\spring-cloud-context\3.0.0\spring-cloud-context-3.0.0.jar;C:\Repo\maven-3.8\.m2\org\springframework\security\spring-security-crypto\5.4.2\spring-security-crypto-5.4.2.jar;C:\Repo\maven-3.8\.m2\org\springframework\cloud\spring-cloud-commons\3.0.0\spring-cloud-commons-3.0.0.jar;C:\Repo\maven-3.8\.m2\org\springframework\security\spring-security-rsa\1.0.9.RELEASE\spring-security-rsa-1.0.9.RELEASE.jar;C:\Repo\maven-3.8\.m2\org\bouncycastle\bcpkix-jdk15on\1.64\bcpkix-jdk15on-1.64.jar;C:\Repo\maven-3.8\.m2\org\bouncycastle\bcprov-jdk15on\1.64\bcprov-jdk15on-1.64.jar;C:\Repo\maven-3.8\.m2\org\springframework\cloud\spring-cloud-gateway-server\3.0.0\spring-cloud-gateway-server-3.0.0.jar;C:\Repo\maven-3.8\.m2\org\springframework\boot\spring-boot-starter-validation\2.4.2\spring-boot-starter-validation-2.4.2.jar;C:\Repo\maven-3.8\.m2\org\glassfish\jakarta.el\3.0.3\jakarta.el-3.0.3.jar;C:\Repo\maven-3.8\.m2\org\hibernate\validator\hibernate-validator\6.1.7.Final\hibernate-validator-6.1.7.Final.jar;C:\Repo\maven-3.8\.m2\jakarta\validation\jakarta.validation-api\2.0.2\jakarta.validation-api-2.0.2.jar;C:\Repo\maven-3.8\.m2\org\jboss\logging\jboss-logging\3.4.1.Final\jboss-logging-3.4.1.Final.jar;C:\Repo\maven-3.8\.m2\com\fasterxml\classmate\1.5.1\classmate-1.5.1.jar;C:\Repo\maven-3.8\.m2\io\projectreactor\addons\reactor-extra\3.4.2\reactor-extra-3.4.2.jar;C:\Repo\maven-3.8\.m2\io\projectreactor\reactor-core\3.4.2\reactor-core-3.4.2.jar;C:\Repo\maven-3.8\.m2\org\reactivestreams\reactive-streams\1.0.3\reactive-streams-1.0.3.jar;C:\Repo\maven-3.8\.m2\org\springframework\boot\spring-boot-starter-webflux\2.4.2\spring-boot-starter-webflux-2.4.2.jar;C:\Repo\maven-3.8\.m2\org\springframework\boot\spring-boot-starter-json\2.4.2\spring-boot-starter-json-2.4.2.jar;C:\Repo\maven-3.8\.m2\com\fasterxml\jackson\datatype\jackson-datatype-jdk8\2.11.4\jackson-datatype-jdk8-2.11.4.jar;C:\Repo\maven-3.8\.m2\com\fasterxml\jackson\datatype\jackson-datatype-jsr310\2.11.4\jackson-datatype-jsr310-2.11.4.jar;C:\Repo\maven-3.8\.m2\com\fasterxml\jackson\module\jackson-module-parameter-names\2.11.4\jackson-module-parameter-names-2.11.4.jar;C:\Repo\maven-3.8\.m2\org\springframework\boot\spring-boot-starter-reactor-netty\2.4.2\spring-boot-starter-reactor-netty-2.4.2.jar;C:\Repo\maven-3.8\.m2\io\projectreactor\netty\reactor-netty-http\1.0.3\reactor-netty-http-1.0.3.jar;C:\Repo\maven-3.8\.m2\io\netty\netty-codec-http\4.1.58.Final\netty-codec-http-4.1.58.Final.jar;C:\Repo\maven-3.8\.m2\io\netty\netty-common\4.1.58.Final\netty-common-4.1.58.Final.jar;C:\Repo\maven-3.8\.m2\io\netty\netty-buffer\4.1.58.Final\netty-buffer-4.1.58.Final.jar;C:\Repo\maven-3.8\.m2\io\netty\netty-transport\4.1.58.Final\netty-transport-4.1.58.Final.jar;C:\Repo\maven-3.8\.m2\io\netty\netty-codec\4.1.58.Final\netty-codec-4.1.58.Final.jar;C:\Repo\maven-3.8\.m2\io\netty\netty-handler\4.1.58.Final\netty-handler-4.1.58.Final.jar;C:\Repo\maven-3.8\.m2\io\netty\netty-codec-http2\4.1.58.Final\netty-codec-http2-4.1.58.Final.jar;C:\Repo\maven-3.8\.m2\io\netty\netty-resolver-dns\4.1.58.Final\netty-resolver-dns-4.1.58.Final.jar;C:\Repo\maven-3.8\.m2\io\netty\netty-resolver\4.1.58.Final\netty-resolver-4.1.58.Final.jar;C:\Repo\maven-3.8\.m2\io\netty\netty-codec-dns\4.1.58.Final\netty-codec-dns-4.1.58.Final.jar;C:\Repo\maven-3.8\.m2\io\netty\netty-resolver-dns-native-macos\4.1.58.Final\netty-resolver-dns-native-macos-4.1.58.Final-osx-x86_64.jar;C:\Repo\maven-3.8\.m2\io\netty\netty-transport-native-unix-common\4.1.58.Final\netty-transport-native-unix-common-4.1.58.Final.jar;C:\Repo\maven-3.8\.m2\io\netty\netty-transport-native-epoll\4.1.58.Final\netty-transport-native-epoll-4.1.58.Final-linux-x86_64.jar;C:\Repo\maven-3.8\.m2\io\projectreactor\netty\reactor-netty-core\1.0.3\reactor-netty-core-1.0.3.jar;C:\Repo\maven-3.8\.m2\io\netty\netty-handler-proxy\4.1.58.Final\netty-handler-proxy-4.1.58.Final.jar;C:\Repo\maven-3.8\.m2\io\netty\netty-codec-socks\4.1.58.Final\netty-codec-socks-4.1.58.Final.jar;C:\Repo\maven-3.8\.m2\org\springframework\spring-web\5.3.3\spring-web-5.3.3.jar;C:\Repo\maven-3.8\.m2\org\springframework\spring-beans\5.3.3\spring-beans-5.3.3.jar;C:\Repo\maven-3.8\.m2\org\springframework\spring-webflux\5.3.3\spring-webflux-5.3.3.jar;C:\Repo\maven-3.8\.m2\org\springframework\cloud\spring-cloud-starter-netflix-eureka-client\3.0.1\spring-cloud-starter-netflix-eureka-client-3.0.1.jar;C:\Repo\maven-3.8\.m2\org\springframework\cloud\spring-cloud-netflix-eureka-client\3.0.0\spring-cloud-netflix-eureka-client-3.0.0.jar;C:\Repo\maven-3.8\.m2\com\netflix\eureka\eureka-client\1.10.10\eureka-client-1.10.10.jar;C:\Repo\maven-3.8\.m2\com\netflix\netflix-commons\netflix-eventbus\0.3.0\netflix-eventbus-0.3.0.jar;C:\Repo\maven-3.8\.m2\com\netflix\netflix-commons\netflix-infix\0.3.0\netflix-infix-0.3.0.jar;C:\Repo\maven-3.8\.m2\commons-jxpath\commons-jxpath\1.3\commons-jxpath-1.3.jar;C:\Repo\maven-3.8\.m2\joda-time\joda-time\2.3\joda-time-2.3.jar;C:\Repo\maven-3.8\.m2\org\antlr\antlr-runtime\3.4\antlr-runtime-3.4.jar;C:\Repo\maven-3.8\.m2\org\antlr\stringtemplate\3.2.1\stringtemplate-3.2.1.jar;C:\Repo\maven-3.8\.m2\antlr\antlr\2.7.7\antlr-2.7.7.jar;C:\Repo\maven-3.8\.m2\com\google\code\gson\gson\2.8.6\gson-2.8.6.jar;C:\Repo\maven-3.8\.m2\org\apache\commons\commons-math\2.2\commons-math-2.2.jar;C:\Repo\maven-3.8\.m2\com\thoughtworks\xstream\xstream\1.4.13\xstream-1.4.13.jar;C:\Repo\maven-3.8\.m2\xmlpull\xmlpull\1.1.3.1\xmlpull-1.1.3.1.jar;C:\Repo\maven-3.8\.m2\xpp3\xpp3_min\1.1.4c\xpp3_min-1.1.4c.jar;C:\Repo\maven-3.8\.m2\javax\ws\rs\jsr311-api\1.1.1\jsr311-api-1.1.1.jar;C:\Repo\maven-3.8\.m2\com\netflix\servo\servo-core\0.12.21\servo-core-0.12.21.jar;C:\Repo\maven-3.8\.m2\com\google\guava\guava\19.0\guava-19.0.jar;C:\Repo\maven-3.8\.m2\org\apache\httpcomponents\httpclient\4.5.13\httpclient-4.5.13.jar;C:\Repo\maven-3.8\.m2\org\apache\httpcomponents\httpcore\4.4.14\httpcore-4.4.14.jar;C:\Repo\maven-3.8\.m2\commons-codec\commons-codec\1.15\commons-codec-1.15.jar;C:\Repo\maven-3.8\.m2\commons-configuration\commons-configuration\1.10\commons-configuration-1.10.jar;C:\Repo\maven-3.8\.m2\commons-lang\commons-lang\2.6\commons-lang-2.6.jar;C:\Repo\maven-3.8\.m2\com\google\inject\guice\4.1.0\guice-4.1.0.jar;C:\Repo\maven-3.8\.m2\javax\inject\javax.inject\1\javax.inject-1.jar;C:\Repo\maven-3.8\.m2\aopalliance\aopalliance\1.0\aopalliance-1.0.jar;C:\Repo\maven-3.8\.m2\com\fasterxml\jackson\core\jackson-annotations\2.11.4\jackson-annotations-2.11.4.jar;C:\Repo\maven-3.8\.m2\com\fasterxml\jackson\core\jackson-core\2.11.4\jackson-core-2.11.4.jar;C:\Repo\maven-3.8\.m2\com\fasterxml\jackson\core\jackson-databind\2.11.4\jackson-databind-2.11.4.jar;C:\Repo\maven-3.8\.m2\org\codehaus\jettison\jettison\1.4.0\jettison-1.4.0.jar;C:\Repo\maven-3.8\.m2\com\netflix\eureka\eureka-core\1.10.10\eureka-core-1.10.10.jar;C:\Repo\maven-3.8\.m2\com\fasterxml\woodstox\woodstox-core\5.3.0\woodstox-core-5.3.0.jar;C:\Repo\maven-3.8\.m2\org\codehaus\woodstox\stax2-api\4.2\stax2-api-4.2.jar;C:\Repo\maven-3.8\.m2\org\springframework\cloud\spring-cloud-starter-loadbalancer\3.0.0\spring-cloud-starter-loadbalancer-3.0.0.jar;C:\Repo\maven-3.8\.m2\org\springframework\cloud\spring-cloud-loadbalancer\3.0.0\spring-cloud-loadbalancer-3.0.0.jar;C:\Repo\maven-3.8\.m2\org\springframework\boot\spring-boot-starter-cache\2.4.2\spring-boot-starter-cache-2.4.2.jar;C:\Repo\maven-3.8\.m2\org\springframework\spring-context-support\5.3.3\spring-context-support-5.3.3.jar;C:\Repo\maven-3.8\.m2\com\stoyanr\evictor\1.0.0\evictor-1.0.0.jar;C:\Repo\maven-3.8\.m2\org\springframework\boot\spring-boot-starter-test\2.4.2\spring-boot-starter-test-2.4.2.jar;C:\Repo\maven-3.8\.m2\org\springframework\boot\spring-boot-starter\2.4.2\spring-boot-starter-2.4.2.jar;C:\Repo\maven-3.8\.m2\org\springframework\boot\spring-boot\2.4.2\spring-boot-2.4.2.jar;C:\Repo\maven-3.8\.m2\org\springframework\spring-context\5.3.3\spring-context-5.3.3.jar;C:\Repo\maven-3.8\.m2\org\springframework\spring-aop\5.3.3\spring-aop-5.3.3.jar;C:\Repo\maven-3.8\.m2\org\springframework\spring-expression\5.3.3\spring-expression-5.3.3.jar;C:\Repo\maven-3.8\.m2\org\springframework\boot\spring-boot-autoconfigure\2.4.2\spring-boot-autoconfigure-2.4.2.jar;C:\Repo\maven-3.8\.m2\org\springframework\boot\spring-boot-starter-logging\2.4.2\spring-boot-starter-logging-2.4.2.jar;C:\Repo\maven-3.8\.m2\ch\qos\logback\logback-classic\1.2.3\logback-classic-1.2.3.jar;C:\Repo\maven-3.8\.m2\ch\qos\logback\logback-core\1.2.3\logback-core-1.2.3.jar;C:\Repo\maven-3.8\.m2\org\apache\logging\log4j\log4j-to-slf4j\2.13.3\log4j-to-slf4j-2.13.3.jar;C:\Repo\maven-3.8\.m2\org\apache\logging\log4j\log4j-api\2.13.3\log4j-api-2.13.3.jar;C:\Repo\maven-3.8\.m2\org\slf4j\jul-to-slf4j\1.7.30\jul-to-slf4j-1.7.30.jar;C:\Repo\maven-3.8\.m2\jakarta\annotation\jakarta.annotation-api\1.3.5\jakarta.annotation-api-1.3.5.jar;C:\Repo\maven-3.8\.m2\org\yaml\snakeyaml\1.27\snakeyaml-1.27.jar;C:\Repo\maven-3.8\.m2\org\springframework\boot\spring-boot-test\2.4.2\spring-boot-test-2.4.2.jar;C:\Repo\maven-3.8\.m2\org\springframework\boot\spring-boot-test-autoconfigure\2.4.2\spring-boot-test-autoconfigure-2.4.2.jar;C:\Repo\maven-3.8\.m2\com\jayway\jsonpath\json-path\2.4.0\json-path-2.4.0.jar;C:\Repo\maven-3.8\.m2\net\minidev\json-smart\2.3\json-smart-2.3.jar;C:\Repo\maven-3.8\.m2\net\minidev\accessors-smart\1.2\accessors-smart-1.2.jar;C:\Repo\maven-3.8\.m2\org\ow2\asm\asm\5.0.4\asm-5.0.4.jar;C:\Repo\maven-3.8\.m2\org\slf4j\slf4j-api\1.7.30\slf4j-api-1.7.30.jar;C:\Repo\maven-3.8\.m2\jakarta\xml\bind\jakarta.xml.bind-api\2.3.3\jakarta.xml.bind-api-2.3.3.jar;C:\Repo\maven-3.8\.m2\jakarta\activation\jakarta.activation-api\1.2.2\jakarta.activation-api-1.2.2.jar;C:\Repo\maven-3.8\.m2\org\assertj\assertj-core\3.18.1\assertj-core-3.18.1.jar;C:\Repo\maven-3.8\.m2\org\hamcrest\hamcrest\2.2\hamcrest-2.2.jar;C:\Repo\maven-3.8\.m2\org\junit\jupiter\junit-jupiter\5.7.0\junit-jupiter-5.7.0.jar;C:\Repo\maven-3.8\.m2\org\junit\jupiter\junit-jupiter-api\5.7.0\junit-jupiter-api-5.7.0.jar;C:\Repo\maven-3.8\.m2\org\apiguardian\apiguardian-api\1.1.0\apiguardian-api-1.1.0.jar;C:\Repo\maven-3.8\.m2\org\opentest4j\opentest4j\1.2.0\opentest4j-1.2.0.jar;C:\Repo\maven-3.8\.m2\org\junit\platform\junit-platform-commons\1.7.0\junit-platform-commons-1.7.0.jar;C:\Repo\maven-3.8\.m2\org\junit\jupiter\junit-jupiter-params\5.7.0\junit-jupiter-params-5.7.0.jar;C:\Repo\maven-3.8\.m2\org\junit\jupiter\junit-jupiter-engine\5.7.0\junit-jupiter-engine-5.7.0.jar;C:\Repo\maven-3.8\.m2\org\junit\platform\junit-platform-engine\1.7.0\junit-platform-engine-1.7.0.jar;C:\Repo\maven-3.8\.m2\org\mockito\mockito-core\3.6.28\mockito-core-3.6.28.jar;C:\Repo\maven-3.8\.m2\net\bytebuddy\byte-buddy\1.10.19\byte-buddy-1.10.19.jar;C:\Repo\maven-3.8\.m2\net\bytebuddy\byte-buddy-agent\1.10.19\byte-buddy-agent-1.10.19.jar;C:\Repo\maven-3.8\.m2\org\objenesis\objenesis\3.1\objenesis-3.1.jar;C:\Repo\maven-3.8\.m2\org\mockito\mockito-junit-jupiter\3.6.28\mockito-junit-jupiter-3.6.28.jar;C:\Repo\maven-3.8\.m2\org\skyscreamer\jsonassert\1.5.0\jsonassert-1.5.0.jar;C:\Repo\maven-3.8\.m2\com\vaadin\external\google\android-json\0.0.20131108.vaadin1\android-json-0.0.20131108.vaadin1.jar;C:\Repo\maven-3.8\.m2\org\springframework\spring-core\5.3.3\spring-core-5.3.3.jar;C:\Repo\maven-3.8\.m2\org\springframework\spring-jcl\5.3.3\spring-jcl-5.3.3.jar;C:\Repo\maven-3.8\.m2\org\springframework\spring-test\5.3.3\spring-test-5.3.3.jar;C:\Repo\maven-3.8\.m2\org\xmlunit\xmlunit-core\2.7.0\xmlunit-core-2.7.0.jar;"/>
    <property name="sun.cpu.endian" value="little"/>
    <property name="user.home" value="C:\Users\mariahi"/>
    <property name="user.language" value="en"/>
    <property name="java.specification.vendor" value="Oracle Corporation"/>
    <property name="java.version.date" value="2020-04-14"/>
    <property name="java.home" value="C:\Program Files\Java\jdk-11.0.7"/>
    <property name="file.separator" value="\"/>
    <property name="basedir" value="C:\Users\mariahi\Desktop\candidate-microservice-init\api-gateway"/>
    <property name="java.vm.compressedOopsMode" value="Zero based"/>
    <property name="line.separator" value="&#10;"/>
    <property name="java.specification.name" value="Java Platform API Specification"/>
    <property name="java.vm.specification.vendor" value="Oracle Corporation"/>
    <property name="java.awt.graphicsenv" value="sun.awt.Win32GraphicsEnvironment"/>
    <property name="surefire.real.class.path" value="C:\Users\mariahi\AppData\Local\Temp\surefire13704938523068338451\surefirebooter12140289736287532696.jar"/>
    <property name="user.script" value=""/>
    <property name="sun.management.compiler" value="HotSpot 64-Bit Tiered Compilers"/>
    <property name="java.runtime.version" value="11.0.7+8-LTS"/>
    <property name="user.name" value="mariahi"/>
    <property name="path.separator" value=";"/>
    <property name="os.version" value="10.0"/>
    <property name="java.runtime.name" value="Java(TM) SE Runtime Environment"/>
    <property name="file.encoding" value="Cp1252"/>
    <property name="java.vm.name" value="Java HotSpot(TM) 64-Bit Server VM"/>
    <property name="java.vendor.version" value="18.9"/>
    <property name="localRepository" value="C:\Repo\maven-3.8\.m2"/>
    <property name="java.vendor.url.bug" value="https://bugreport.java.com/bugreport/"/>
    <property name="java.io.tmpdir" value="C:\Users\mariahi\AppData\Local\Temp\"/>
    <property name="java.version" value="11.0.7"/>
    <property name="user.dir" value="C:\Users\mariahi\Desktop\candidate-microservice-init\api-gateway"/>
    <property name="os.arch" value="amd64"/>
    <property name="java.vm.specification.name" value="Java Virtual Machine Specification"/>
    <property name="java.awt.printerjob" value="sun.awt.windows.WPrinterJob"/>
    <property name="sun.os.patch.level" value=""/>
    <property name="java.library.path" value="C:\Program Files\Java\jdk-11.0.7\bin;C:\Windows\Sun\Java\bin;C:\Windows\system32;C:\Windows;C:\Tools\WINDOWS.X64_193000_db_home\bin;C:\Program Files (x86)\Common Files\Oracle\Java\javapath;C:\Windows\system32;C:\Windows;C:\Windows\System32\Wbem;C:\Windows\System32\WindowsPowerShell\v1.0\;C:\Windows\System32\OpenSSH\;C:\Program Files (x86)\Sennheiser\SoftphoneSDK\;C:\Program Files\Git\cmd;C:\Program Files\PuTTY\;C:\Program Files\SlikSvn\bin;C:\Program Files\TortoiseSVN\bin;C:\Program Files\nodejs\;C:\Program Files\Docker\Docker\resources\bin;C:\ProgramData\DockerDesktop\version-bin;C:\Users\mariahi\Downloads\apache-maven-3.8.1-bin\apache-maven-3.8.1\bin;C:\Program Files\Java\jdk1.8.0_181\bin;C:\Users\mariahi\AppData\Roaming\npm\node_modules\yarn\bin;C:\Users\mariahi\AppData\Local\Yarn\bin;C:\Users\mariahi\AppData\Roaming\npm\node_modules\@angular\cli\bin;C:\Users\mariahi\AppData\Roaming\npm;C:\Users\mariahi\AppData\Local\Programs\Microsoft VS Code\bin;C:\Users\mariahi\AppData\Local\Programs\Python\Python39\Scripts;C:\Users\mariahi\AppData\Local\Microsoft\WindowsApps;C:\Users\mariahi\AppData\Local\Programs\Python\Python39;C:\Users\mariahi\AppData\Local\GitHubDesktop\bin;C:\Users\mariahi\AppData\Local\Microsoft\WindowsApps;C:\Program Files (x86)\Common Files\Oracle\Java\javapath;C:\Program Files\MySQL\MySQL Server 8.0\bin;C:\Users\mariahi\Downloads\nvm-windows-master\bin;."/>
    <property name="java.vendor" value="Oracle Corporation"/>
    <property name="java.vm.info" value="mixed mode"/>
    <property name="java.vm.version" value="11.0.7+8-LTS"/>
    <property name="sun.io.unicode.encoding" value="UnicodeLittle"/>
    <property name="java.class.version" value="55.0"/>
  </properties>
  <testcase name="contextLoads" classname="ecommerce.apigateway.ApiGatewayApplicationTests" time="0.001"/>
</testsuite>